<?xml version="1.0" encoding="UTF-8"?>
<!-- Generated by org.testng.reporters.JUnitReportReporter -->
<testsuite hostname="LAPTOP-HP" failures="0" tests="4" name="ParallelExecutionTests.Test3" time="0.022" errors="0" timestamp="2024-05-05T23:17:38 IST" skipped="0">
  <testcase classname="ParallelExecutionTests.Test3" name="testMethod11" time="0.007"/>
  <testcase classname="ParallelExecutionTests.Test3" name="testMethod12" time="0.004"/>
  <testcase classname="ParallelExecutionTests.Test3" name="testMethod13" time="0.004"/>
  <testcase classname="ParallelExecutionTests.Test3" name="testMethod14" time="0.007"/>
</testsuite> <!-- ParallelExecutionTests.Test3 -->
