<?xml version="1.0" encoding="UTF-8"?>
<!-- Generated by org.testng.reporters.JUnitReportReporter -->
<testsuite hostname="LAPTOP-HP" failures="0" tests="5" name="ParallelExecutionTests.Test2" time="0.027" errors="0" timestamp="2024-05-05T23:17:38 IST" skipped="0">
  <testcase classname="ParallelExecutionTests.Test2" name="testMethod10" time="0.006"/>
  <testcase classname="ParallelExecutionTests.Test2" name="testMethod7" time="0.004"/>
  <testcase classname="ParallelExecutionTests.Test2" name="testMethod8" time="0.006"/>
  <testcase classname="ParallelExecutionTests.Test2" name="testMethod9" time="0.004"/>
  <testcase classname="ParallelExecutionTests.Test2" name="testMethod6" time="0.007"/>
</testsuite> <!-- ParallelExecutionTests.Test2 -->
