<?xml version="1.0" encoding="UTF-8"?>
<!-- Generated by org.testng.reporters.JUnitReportReporter -->
<testsuite hostname="LAPTOP-HP" failures="0" tests="1" name="com.sushanth.practice.TestGoogle" time="12.938" errors="0" timestamp="2024-04-18T16:53:09 IST" skipped="0">
  <testcase classname="com.sushanth.practice.TestGoogle" name="testGoogle" time="12.938"/>
</testsuite> <!-- com.sushanth.practice.TestGoogle -->
