<?xml version="1.0" encoding="UTF-8"?>
<!-- Generated by org.testng.reporters.JUnitReportReporter -->
<testsuite hostname="LAPTOP-HP" failures="0" tests="3" name="com.OrangeHRM.DataProviders.ObjectStringMultiDimentional" time="0.021" errors="0" timestamp="2024-05-04T15:31:10 IST" skipped="0">
  <testcase classname="com.OrangeHRM.DataProviders.ObjectStringMultiDimentional" name="loginApplication" time="0.015"/>
  <testcase classname="com.OrangeHRM.DataProviders.ObjectStringMultiDimentional" name="loginApplication" time="0.003"/>
  <testcase classname="com.OrangeHRM.DataProviders.ObjectStringMultiDimentional" name="loginApplication" time="0.003"/>
</testsuite> <!-- com.OrangeHRM.DataProviders.ObjectStringMultiDimentional -->
