<?xml version="1.0" encoding="UTF-8"?>
<!-- Generated by org.testng.reporters.JUnitReportReporter -->
<testsuite hostname="LAPTOP-HP" failures="0" tests="1" name="com.OrangeHRM.practice.TC002" time="29.301" errors="0" timestamp="2024-05-02T16:54:45 IST" skipped="0">
  <testcase classname="com.OrangeHRM.practice.TC002" name="launchBrowser" time="29.301"/>
</testsuite> <!-- com.OrangeHRM.practice.TC002 -->
