<?xml version="1.0" encoding="UTF-8"?>
<!-- Generated by org.testng.reporters.JUnitReportReporter -->
<testsuite hostname="LAPTOP-HP" failures="0" tests="11" name="com.OrangeHRM.practice.TC001" time="64.495" errors="0" timestamp="2024-04-18T16:21:49 IST" skipped="0">
  <testcase classname="com.OrangeHRM.practice.TC001" name="navigateMyInfo" time="5.140"/>
  <testcase classname="com.OrangeHRM.practice.TC001" name="launchApplication" time="3.730"/>
  <testcase classname="com.OrangeHRM.practice.TC001" name="launchApplication" time="5.558"/>
  <testcase classname="com.OrangeHRM.practice.TC001" name="verifyMyInfo" time="3.125"/>
  <testcase classname="com.OrangeHRM.practice.TC001" name="enterLoginDetails" time="10.805"/>
  <testcase classname="com.OrangeHRM.practice.TC001" name="navigateMyInfo" time="5.364"/>
  <testcase classname="com.OrangeHRM.practice.TC001" name="verifyLogin" time="3.110"/>
  <testcase classname="com.OrangeHRM.practice.TC001" name="logout" time="7.748"/>
  <testcase classname="com.OrangeHRM.practice.TC001" name="enterLoginDetails" time="9.479"/>
  <testcase classname="com.OrangeHRM.practice.TC001" name="verifyLogin" time="3.159"/>
  <testcase classname="com.OrangeHRM.practice.TC001" name="logout" time="7.277"/>
</testsuite> <!-- com.OrangeHRM.practice.TC001 -->
