<?xml version="1.0" encoding="UTF-8"?>
<!-- Generated by org.testng.reporters.JUnitReportReporter -->
<testsuite hostname="LAPTOP-HP" failures="0" tests="5" name="ParallelExecutionTests.Test1" time="0.071" errors="0" timestamp="2024-05-05T23:17:38 IST" skipped="0">
  <testcase classname="ParallelExecutionTests.Test1" name="testMethod4" time="0.003"/>
  <testcase classname="ParallelExecutionTests.Test1" name="testMethod2" time="0.021"/>
  <testcase classname="ParallelExecutionTests.Test1" name="testMethod5" time="0.005"/>
  <testcase classname="ParallelExecutionTests.Test1" name="testMethod3" time="0.021"/>
  <testcase classname="ParallelExecutionTests.Test1" name="testMethod1" time="0.021"/>
</testsuite> <!-- ParallelExecutionTests.Test1 -->
