<?xml version="1.0" encoding="UTF-8"?>
<!-- Generated by org.testng.reporters.JUnitReportReporter -->
<testsuite hostname="LAPTOP-HP" failures="0" tests="8" name="com.OrangeHRM.DataProviders.SeperateDataProviderClass" time="0.019" errors="0" timestamp="2024-05-04T16:43:55 IST" skipped="0">
  <testcase classname="com.OrangeHRM.DataProviders.SeperateDataProviderClass" name="test" time="0.002"/>
  <testcase classname="com.OrangeHRM.DataProviders.SeperateDataProviderClass" name="test" time="0.010"/>
  <testcase classname="com.OrangeHRM.DataProviders.SeperateDataProviderClass" name="test" time="0.002"/>
  <testcase classname="com.OrangeHRM.DataProviders.SeperateDataProviderClass" name="test" time="0.001"/>
  <testcase classname="com.OrangeHRM.DataProviders.SeperateDataProviderClass" name="test" time="0.001"/>
  <testcase classname="com.OrangeHRM.DataProviders.SeperateDataProviderClass" name="test" time="0.001"/>
  <testcase classname="com.OrangeHRM.DataProviders.SeperateDataProviderClass" name="test" time="0.001"/>
  <testcase classname="com.OrangeHRM.DataProviders.SeperateDataProviderClass" name="test" time="0.001"/>
</testsuite> <!-- com.OrangeHRM.DataProviders.SeperateDataProviderClass -->
