<?xml version="1.0" encoding="UTF-8"?>
<!-- Generated by org.testng.reporters.JUnitReportReporter -->
<testsuite hostname="LAPTOP-HP" failures="0" tests="3" name="com.OrangeHRM.DataProviders.ObjectIntString" time="0.018" errors="0" timestamp="2024-05-04T14:26:00 IST" skipped="0">
  <testcase classname="com.OrangeHRM.DataProviders.ObjectIntString" name="loginApplication" time="0.002"/>
  <testcase classname="com.OrangeHRM.DataProviders.ObjectIntString" name="loginApplication" time="0.003"/>
  <testcase classname="com.OrangeHRM.DataProviders.ObjectIntString" name="loginApplication" time="0.013"/>
</testsuite> <!-- com.OrangeHRM.DataProviders.ObjectIntString -->
