<?xml version="1.0" encoding="UTF-8"?>
<!-- Generated by org.testng.reporters.JUnitReportReporter -->
<testsuite hostname="LAPTOP-HP" failures="0" tests="2" name="com.OrangeHRM.DataProviders.IteratorObject" time="0.018" errors="0" timestamp="2024-05-04T15:39:51 IST" skipped="0">
  <testcase classname="com.OrangeHRM.DataProviders.IteratorObject" name="loginApplication" time="0.003"/>
  <testcase classname="com.OrangeHRM.DataProviders.IteratorObject" name="loginApplication" time="0.015"/>
</testsuite> <!-- com.OrangeHRM.DataProviders.IteratorObject -->
