<?xml version="1.0" encoding="UTF-8"?>
<!-- Generated by org.testng.reporters.JUnitReportReporter -->
<testsuite hostname="LAPTOP-HP" failures="0" tests="4" name="ParallelExecutionTests.Test4" time="0.026" errors="0" timestamp="2024-05-05T23:17:38 IST" skipped="0">
  <testcase classname="ParallelExecutionTests.Test4" name="testMethod15" time="0.013"/>
  <testcase classname="ParallelExecutionTests.Test4" name="testMethod18" time="0.005"/>
  <testcase classname="ParallelExecutionTests.Test4" name="testMethod16" time="0.005"/>
  <testcase classname="ParallelExecutionTests.Test4" name="testMethod17" time="0.003"/>
</testsuite> <!-- ParallelExecutionTests.Test4 -->
