<?xml version="1.0" encoding="UTF-8"?>
<!-- Generated by org.testng.reporters.JUnitReportReporter -->
<testsuite hostname="LAPTOP-HP" failures="0" tests="2" name="com.OrangeHRM.DataProviders.Indices" time="0.020" errors="0" timestamp="2024-05-04T16:24:11 IST" skipped="0">
  <testcase classname="com.OrangeHRM.DataProviders.Indices" name="indicesProgram" time="0.016"/>
  <testcase classname="com.OrangeHRM.DataProviders.Indices" name="indicesProgram" time="0.004"/>
</testsuite> <!-- com.OrangeHRM.DataProviders.Indices -->
